<?xml version="1.0" encoding="UTF-8"?>
<!-- Generated by org.testng.reporters.JUnitReportReporter -->
<testsuite hostname="Kshitizs-MacBook-Air.local" failures="0" tests="2" name="MavenBajaj.GetAndPost" time="4.494" errors="0" timestamp="2022-06-06T12:16:47 NPT" skipped="0">
  <testcase classname="MavenBajaj.GetAndPost" name="Post" time="0.577"/>
  <system-out/>
  <testcase classname="MavenBajaj.GetAndPost" name="Get" time="3.917"/>
  <system-out/>
</testsuite> <!-- MavenBajaj.GetAndPost -->
